[2026-03-06 20:44:21.176] [pluginhost] [info] === rps-pluginhost-vst3 starting ===
[2026-03-06 20:44:21.176] [pluginhost] [info]   ipc-id: rps_gui_13f4e8a8-553f-4b47-9efd-37c917e54749
[2026-03-06 20:44:21.176] [pluginhost] [info]   plugin-path: C:\Program Files\Common Files\VST3\spiff_x64.vst3
[2026-03-06 20:44:21.176] [pluginhost] [info] Connecting to IPC queue...
[2026-03-06 20:44:21.186] [pluginhost] [info] IPC connected
[2026-03-06 20:44:21.186] [pluginhost] [info] Initializing SDL3...
[2026-03-06 20:44:21.216] [pluginhost] [info] SDL3 initialized
[2026-03-06 20:44:21.216] [pluginhost] [info] Opening plugin GUI...
[2026-03-06 20:44:21.217] [pluginhost] [info] Vst3GuiHost::open(C:\Program Files\Common Files\VST3\spiff_x64.vst3)
[2026-03-06 20:44:21.217] [pluginhost] [info]   Step 1: Loading VST3 module...
[2026-03-06 20:44:22.063] [pluginhost] [info]   Module loaded: 
[2026-03-06 20:44:22.063] [pluginhost] [info]   Step 2: Enumerating plugin classes...
[2026-03-06 20:44:22.063] [pluginhost] [info]   Factory has 2 class(es)
[2026-03-06 20:44:22.063] [pluginhost] [info]     Class: 'spiff' category='Audio Module Class' vendor='oeksound'
[2026-03-06 20:44:22.063] [pluginhost] [info]     Class: 'spiff' category='Component Controller Class' vendor='oeksound'
[2026-03-06 20:44:22.063] [pluginhost] [info]   Using plugin: 'spiff'
[2026-03-06 20:44:22.063] [pluginhost] [info]   Step 3: Creating IComponent...
[2026-03-06 20:44:22.599] [pluginhost] [info]   IComponent created and initialized
[2026-03-06 20:44:22.599] [pluginhost] [info]   Step 4: Getting IEditController...
[2026-03-06 20:44:22.599] [pluginhost] [info]   queryInterface(IEditController) = 1
[2026-03-06 20:44:22.599] [pluginhost] [info]   getControllerClassId() = 0, CID valid = true
[2026-03-06 20:44:22.599] [pluginhost] [info]   Controller CID: {ABCDEF01-1234-ABCD-4F65-6B5353706641}
[2026-03-06 20:44:22.600] [pluginhost] [info]   createInstance<IEditController> = true
[2026-03-06 20:44:22.600] [pluginhost] [info]   IEditController::initialize() = 0
[2026-03-06 20:44:22.600] [pluginhost] [info]   Separate IEditController created
[2026-03-06 20:44:22.600] [pluginhost] [info]   Component and controller connected via IConnectionPoint
[2026-03-06 20:44:22.600] [pluginhost] [info]   Step 5: Creating editor view...
[2026-03-06 20:44:22.687] [pluginhost] [info]   Editor view created
[2026-03-06 20:44:22.687] [pluginhost] [info]   Platform type 'HWND' is supported
[2026-03-06 20:44:22.687] [pluginhost] [info]   Step 6: Getting initial size...
[2026-03-06 20:44:22.687] [pluginhost] [info]   Initial size: 1349x634
[2026-03-06 20:44:22.687] [pluginhost] [info]   canResize = false
[2026-03-06 20:44:22.687] [pluginhost] [info]   Step 7: Creating SDL3 window...
[2026-03-06 20:44:22.716] [pluginhost] [info]   SDL3 window created
[2026-03-06 20:44:22.716] [pluginhost] [info]   Step 8: Attaching view to window...
[2026-03-06 20:44:22.912] [pluginhost] [info] IPlugFrame::resizeView(1349x634)
[2026-03-06 20:44:22.912] [pluginhost] [info] onPluginRequestResize: 1349x634
[2026-03-06 20:44:22.912] [pluginhost] [info]   View attached to native window at 0x7c0bc4
[2026-03-06 20:44:22.912] [pluginhost] [info] Plugin GUI opened: 'spiff' (1349x634)
[2026-03-06 20:44:22.912] [pluginhost] [info] Entering GUI event loop (with parameter polling)...
[2026-03-06 20:44:22.912] [pluginhost] [info] Vst3GuiHost::runEventLoop() starting
[2026-03-06 20:44:28.262] [pluginhost] [info] IPlugFrame::resizeView(1700x800)
[2026-03-06 20:44:28.262] [pluginhost] [info] onPluginRequestResize: 1700x800
[2026-03-06 20:44:29.947] [pluginhost] [info] Vst3GuiHost::runEventLoop() ended
[2026-03-06 20:44:29.947] [pluginhost] [info] GUI event loop exited (reason: user)
[2026-03-06 20:44:30.143] [pluginhost] [info] === rps-pluginhost shutting down ===
[2026-03-06 20:44:30.159] [pluginhost] [debug] Vst3GuiHost::cleanup()
[2026-03-06 20:44:30.159] [pluginhost] [debug]   removing view
